<?xml version="1.0" encoding="UTF-8"?>
<testsuite xmlns:xsi="http://www.w3.org/2001/XMLSchema-instance" xsi:noNamespaceSchemaLocation="https://maven.apache.org/surefire/maven-surefire-plugin/xsd/surefire-test-report-3.0.xsd" version="3.0" name="com.example.demo.MedicineApplicationTests" time="27.332" tests="1" errors="0" skipped="0" failures="0">
  <properties>
[...]
</properties>
  <testcase name="contextLoads" classname="com.example.demo.MedicineApplicationTests" time="3.024">
    <system-out><![CDATA[16:07:07.256 [main] INFO org.springframework.test.context.support.AnnotationConfigContextLoaderUtils -- Could not detect default configuration classes for test class [com.example.demo.MedicineApplicationTests]: MedicineApplicationTests does not declare any static, non-private, non-final, nested classes annotated with @Configuration.
16:07:07.573 [main] INFO org.springframework.boot.test.context.SpringBootTestContextBootstrapper -- Found @SpringBootConfiguration com.example.demo.MedicineApplication for test class com.example.demo.MedicineApplicationTests

  .   ____          _            __ _ _
 /\\ / ___'_ __ _ _(_)_ __  __ _ \ \ \ \
( ( )\___ | '_ | '_| | '_ \/ _` | \ \ \ \
 \\/  ___)| |_)| | | | | || (_| |  ) ) ) )
  '  |____| .__|_| |_|_| |_\__, | / / / /
 =========|_|==============|___/=/_/_/_/
 :: Spring Boot ::                (v3.2.5)

2026-03-05T16:07:11.015+02:00  INFO 12367 --- [medicine] [           main] c.example.demo.MedicineApplicationTests  : Starting MedicineApplicationTests using Java 17.0.15 with PID 12367 (started by tynash in /home/tynash/My-Projects/Medicine-management-system)
2026-03-05T16:07:11.021+02:00  INFO 12367 --- [medicine] [           main] c.example.demo.MedicineApplicationTests  : No active profile set, falling back to 1 default profile: "default"
2026-03-05T16:07:11.578+02:00  WARN 12367 --- [medicine] [           main] o.s.c.annotation.AnnotationTypeMapping   : Support for convention-based annotation attribute overrides is deprecated and will be removed in Spring Framework 6.2. Please annotate the following attributes in @org.axonframework.spring.stereotype.Aggregate with appropriate @AliasFor declarations: [type]
2026-03-05T16:07:11.603+02:00  WARN 12367 --- [medicine] [           main] o.s.c.annotation.AnnotationTypeMapping   : Support for convention-based annotation attribute overrides is deprecated and will be removed in Spring Framework 6.2. Please annotate the following attributes in @org.axonframework.eventsourcing.EventSourcingHandler with appropriate @AliasFor declarations: [payloadType]
2026-03-05T16:07:11.608+02:00  WARN 12367 --- [medicine] [           main] o.s.c.annotation.AnnotationTypeMapping   : Support for convention-based annotation attribute overrides is deprecated and will be removed in Spring Framework 6.2. Please annotate the following attributes in @org.axonframework.eventsourcing.EventSourcingHandler with appropriate @AliasFor declarations: [payloadType]
2026-03-05T16:07:11.834+02:00  WARN 12367 --- [medicine] [           main] o.s.c.annotation.AnnotationTypeMapping   : Support for convention-based annotation attribute overrides is deprecated and will be removed in Spring Framework 6.2. Please annotate the following attributes in @org.axonframework.eventhandling.EventHandler with appropriate @AliasFor declarations: [payloadType]
2026-03-05T16:07:14.897+02:00  INFO 12367 --- [medicine] [           main] .s.d.r.c.RepositoryConfigurationDelegate : Bootstrapping Spring Data JPA repositories in DEFAULT mode.
2026-03-05T16:07:15.598+02:00  INFO 12367 --- [medicine] [           main] .s.d.r.c.RepositoryConfigurationDelegate : Finished Spring Data repository scanning in 671 ms. Found 4 JPA repository interfaces.
2026-03-05T16:07:17.477+02:00  WARN 12367 --- [medicine] [           main] o.s.c.annotation.AnnotationTypeMapping   : Support for convention-based annotation attribute overrides is deprecated and will be removed in Spring Framework 6.2. Please annotate the following attributes in @org.axonframework.modelling.command.AggregateIdentifier with appropriate @AliasFor declarations: [routingKey]
2026-03-05T16:07:18.253+02:00  INFO 12367 --- [medicine] [           main] o.hibernate.jpa.internal.util.LogHelper  : HHH000204: Processing PersistenceUnitInfo [name: default]
2026-03-05T16:07:18.458+02:00  INFO 12367 --- [medicine] [           main] org.hibernate.Version                    : HHH000412: Hibernate ORM core version 6.4.4.Final
2026-03-05T16:07:18.624+02:00  INFO 12367 --- [medicine] [           main] o.h.c.internal.RegionFactoryInitiator    : HHH000026: Second-level cache disabled
2026-03-05T16:07:19.396+02:00  INFO 12367 --- [medicine] [           main] o.s.o.j.p.SpringPersistenceUnitInfo      : No LoadTimeWeaver setup: ignoring JPA class transformer
2026-03-05T16:07:19.468+02:00  INFO 12367 --- [medicine] [           main] com.zaxxer.hikari.HikariDataSource       : HikariPool-1 - Starting...
2026-03-05T16:07:20.070+02:00  INFO 12367 --- [medicine] [           main] com.zaxxer.hikari.pool.HikariPool        : HikariPool-1 - Added connection com.mysql.cj.jdbc.ConnectionImpl@2976ef56
2026-03-05T16:07:20.076+02:00  INFO 12367 --- [medicine] [           main] com.zaxxer.hikari.HikariDataSource       : HikariPool-1 - Start completed.
2026-03-05T16:07:20.215+02:00  WARN 12367 --- [medicine] [           main] org.hibernate.dialect.Dialect            : HHH000511: The 5.7.20 version for [org.hibernate.dialect.MySQLDialect] is no longer supported, hence certain features may not work properly. The minimum supported version is 8.0.0. Check the community dialects project for available legacy versions.
2026-03-05T16:07:20.232+02:00  WARN 12367 --- [medicine] [           main] org.hibernate.orm.deprecation            : HHH90000025: MySQLDialect does not need to be specified explicitly using 'hibernate.dialect' (remove the property setting and it will be selected by default)
2026-03-05T16:07:23.953+02:00  INFO 12367 --- [medicine] [           main] o.h.e.t.j.p.i.JtaPlatformInitiator       : HHH000489: No JTA platform available (set 'hibernate.transaction.jta.platform' to enable JTA platform integration)
Hibernate: 
    alter table person 
       drop index UKtkppr2eppca01ofmvtn49cndk
Hibernate: 
    alter table person 
       add constraint UKtkppr2eppca01ofmvtn49cndk unique (firstname, lastname, date_of_birth)
2026-03-05T16:07:25.397+02:00  INFO 12367 --- [medicine] [           main] j.LocalContainerEntityManagerFactoryBean : Initialized JPA EntityManagerFactory for persistence unit 'default'
2026-03-05T16:07:26.639+02:00  INFO 12367 --- [medicine] [           main] o.a.s.a.XStreamAutoConfiguration         : Initializing an XStream instance since none was found. The auto configuration base packages will be used as wildcards for the XStream security settings.
2026-03-05T16:07:27.505+02:00  INFO 12367 --- [medicine] [           main] o.a.s.util.XStreamSecurityTypeUtility    : Constructing wildcard type for base package [com.example.demo].
2026-03-05T16:07:27.506+02:00  INFO 12367 --- [medicine] [           main] o.a.s.util.XStreamSecurityTypeUtility    : Constructing wildcard type for base package [org.axonframework.eventhandling.tokenstore].
2026-03-05T16:07:27.507+02:00  INFO 12367 --- [medicine] [           main] o.a.s.util.XStreamSecurityTypeUtility    : Constructing wildcard type for base package [org.axonframework.eventhandling.deadletter.jpa].
2026-03-05T16:07:27.508+02:00  INFO 12367 --- [medicine] [           main] o.a.s.util.XStreamSecurityTypeUtility    : Constructing wildcard type for base package [org.axonframework.modelling.saga.repository.jpa].
2026-03-05T16:07:27.508+02:00  INFO 12367 --- [medicine] [           main] o.a.s.util.XStreamSecurityTypeUtility    : Constructing wildcard type for base package [org.axonframework.eventsourcing.eventstore.jpa].
2026-03-05T16:07:27.538+02:00  INFO 12367 --- [medicine] [           main] o.a.serialization.ChainingConverter      : ContentTypeConverter of type [class org.axonframework.serialization.xml.Dom4JToByteArrayConverter] is ignored. It seems to rely on a class that is not available in the class loader: org/dom4j/Document
2026-03-05T16:07:27.540+02:00  INFO 12367 --- [medicine] [           main] o.a.serialization.ChainingConverter      : ContentTypeConverter of type [class org.axonframework.serialization.xml.InputStreamToDom4jConverter] is ignored. It seems to rely on a class that is not available in the class loader: org/dom4j/Document
2026-03-05T16:07:27.542+02:00  INFO 12367 --- [medicine] [           main] o.a.serialization.ChainingConverter      : ContentTypeConverter of type [class org.axonframework.serialization.xml.XomToStringConverter] is ignored. It seems to rely on a class that is not available in the class loader: nu/xom/Document
2026-03-05T16:07:27.544+02:00  INFO 12367 --- [medicine] [           main] o.a.serialization.ChainingConverter      : ContentTypeConverter of type [class org.axonframework.serialization.xml.InputStreamToXomConverter] is ignored. It seems to rely on a class that is not available in the class loader: nu/xom/ParsingException
2026-03-05T16:07:27.725+02:00  INFO 12367 --- [medicine] [           main] o.a.config.AxonIQConsoleModule           : 
################################################################################################
## You have not configured AxonIQ Console. AxonIQ Console provides out-of-the box monitoring  ##
## and management capabilities for your Axon Application, starting with it is free.           ##
## Visit https://console.axoniq.io for more information!                                      ##
## Suppress this message by setting system property disable-axoniq-console-message to true.   ##
################################################################################################

2026-03-05T16:07:28.236+02:00  WARN 12367 --- [medicine] [           main] JpaBaseConfiguration$JpaWebConfiguration : spring.jpa.open-in-view is enabled by default. Therefore, database queries may be performed during view rendering. Explicitly configure spring.jpa.open-in-view to disable this warning
2026-03-05T16:07:29.303+02:00  INFO 12367 --- [medicine] [           main] o.s.s.web.DefaultSecurityFilterChain     : Will secure any request with [org.springframework.security.web.session.DisableEncodeUrlFilter@52e2e426, org.springframework.security.web.context.request.async.WebAsyncManagerIntegrationFilter@d65ba64, org.springframework.security.web.context.SecurityContextHolderFilter@3670af2b, org.springframework.security.web.header.HeaderWriterFilter@1e11d73c, org.springframework.web.filter.CorsFilter@70c68e4e, org.springframework.security.web.authentication.logout.LogoutFilter@5ed6a36a, com.example.demo.service.JwtFilter@2040732f, org.springframework.security.web.savedrequest.RequestCacheAwareFilter@42d4de20, org.springframework.security.web.servletapi.SecurityContextHolderAwareRequestFilter@2cc9a5a2, org.springframework.security.web.authentication.AnonymousAuthenticationFilter@64a74723, org.springframework.security.web.session.SessionManagementFilter@58f259bd, org.springframework.security.web.access.ExceptionTranslationFilter@21523e1b, org.springframework.security.web.access.intercept.AuthorizationFilter@3bbc8c82]
2026-03-05T16:07:30.950+02:00  INFO 12367 --- [medicine] [           main] c.example.demo.MedicineApplicationTests  : Started MedicineApplicationTests in 22.88 seconds (process running for 26.109)
Hibernate: 
    select
        te1_0.segment 
    from
        token_entry te1_0 
    where
        te1_0.processor_name=? 
    order by
        te1_0.segment
Hibernate: 
    select
        te1_0.processor_name,
        te1_0.segment,
        te1_0.owner,
        te1_0.timestamp,
        te1_0.token,
        te1_0.token_type 
    from
        token_entry te1_0 
    where
        te1_0.processor_name=? 
    order by
        te1_0.segment
Hibernate: 
    select
        te1_0.processor_name,
        te1_0.segment,
        te1_0.owner,
        te1_0.timestamp,
        te1_0.token,
        te1_0.token_type 
    from
        token_entry te1_0 
    where
        (
            te1_0.processor_name, te1_0.segment
        ) in ((?, ?)) for update
Hibernate: 
    select
        te1_0.processor_name,
        te1_0.segment,
        te1_0.owner,
        te1_0.timestamp,
        te1_0.token,
        te1_0.token_type 
    from
        token_entry te1_0 
    where
        (
            te1_0.processor_name, te1_0.segment
        ) in ((?, ?)) for update
2026-03-05T16:07:32.340+02:00  INFO 12367 --- [medicine] [demo.service]-0] o.a.e.TrackingEventProcessor             : Worker assigned to segment Segment[0/0] for processing
Hibernate: 
    update
        token_entry 
    set
        owner=?,
        timestamp=?,
        token=?,
        token_type=? 
    where
        processor_name=? 
        and segment=?
2026-03-05T16:07:33.364+02:00  INFO 12367 --- [medicine] [demo.service]-0] o.a.e.TrackingEventProcessor             : Using current Thread for last segment worker: TrackingSegmentWorker{processor=com.example.demo.service, segment=Segment[0/0]}
Hibernate: 
    select
        te1_0.processor_name,
        te1_0.segment,
        te1_0.owner,
        te1_0.timestamp,
        te1_0.token,
        te1_0.token_type 
    from
        token_entry te1_0 
    where
        (
            te1_0.processor_name, te1_0.segment
        ) in ((?, ?)) for update
Hibernate: 
    update
        token_entry 
    set
        owner=?,
        timestamp=?,
        token=?,
        token_type=? 
    where
        processor_name=? 
        and segment=?
2026-03-05T16:07:33.744+02:00  INFO 12367 --- [medicine] [demo.service]-0] o.a.e.TrackingEventProcessor             : Fetched token: GapAwareTrackingToken{index=505, gaps=[303, 304, 305, 306, 307, 308, 309, 310, 311, 312, 313, 314, 315, 316, 317, 318, 319, 320, 321, 322, 323, 324, 325, 326, 327, 328, 329, 330, 331, 332, 333, 334, 335, 336, 337, 338, 339, 340, 341, 342, 343, 344, 345, 346, 347, 348, 349, 350, 351, 354, 355, 356, 357, 358, 359, 360, 361, 362, 363, 364, 365, 366, 367, 368, 369, 370, 371, 372, 373, 374, 375, 376, 377, 378, 379, 380, 381, 382, 383, 384, 385, 386, 387, 388, 389, 390, 391, 392, 393, 394, 395, 396, 397, 398, 399, 400, 401, 403, 404, 405, 406, 407, 408, 409, 410, 411, 412, 413, 414, 415, 416, 417, 418, 419, 420, 421, 422, 423, 424, 425, 426, 427, 428, 429, 430, 431, 432, 433, 434, 435, 436, 437, 438, 439, 440, 441, 442, 443, 444, 445, 446, 447, 448, 449, 450, 451, 457, 458, 459, 460, 461, 462, 463, 464, 465, 466, 467, 468, 469, 470, 471, 472, 473, 474, 475, 476, 477, 478, 479, 480, 481, 482, 483, 484, 485, 486, 487, 488, 489, 490, 491, 492, 493, 494, 495, 496, 497, 498, 499, 500, 501]} for segment: Segment[0/0]
]]></system-out>
  </testcase>
</testsuite>